<?xml version="1.0" encoding="UTF-8"?>
<coverage generated="1734821129740" clover="3.2.0">
  <project timestamp="1734821129740" name="All files">
    <metrics statements="15" coveredstatements="13" conditionals="6" coveredconditionals="5" methods="9" coveredmethods="7" elements="30" coveredelements="25" complexity="0" loc="15" ncloc="15" packages="3" files="3" classes="3"/>
    <package name="Header">
      <metrics statements="7" coveredstatements="5" conditionals="0" coveredconditionals="0" methods="6" coveredmethods="4"/>
      <file name="Header.jsx" path="/Users/heklasamuelsdottir/codeChallenge/src/components/Header/Header.jsx">
        <metrics statements="7" coveredstatements="5" conditionals="0" coveredconditionals="0" methods="6" coveredmethods="4"/>
        <line num="7" count="8" type="stmt"/>
        <line num="9" count="7" type="stmt"/>
        <line num="19" count="1" type="stmt"/>
        <line num="32" count="1" type="stmt"/>
        <line num="50" count="0" type="stmt"/>
        <line num="59" count="0" type="stmt"/>
        <line num="70" count="1" type="stmt"/>
      </file>
    </package>
    <package name="HeroSection">
      <metrics statements="1" coveredstatements="1" conditionals="0" coveredconditionals="0" methods="1" coveredmethods="1"/>
      <file name="HeroSection.jsx" path="/Users/heklasamuelsdottir/codeChallenge/src/components/HeroSection/HeroSection.jsx">
        <metrics statements="1" coveredstatements="1" conditionals="0" coveredconditionals="0" methods="1" coveredmethods="1"/>
        <line num="3" count="2" type="stmt"/>
      </file>
    </package>
    <package name="List">
      <metrics statements="7" coveredstatements="7" conditionals="6" coveredconditionals="5" methods="2" coveredmethods="2"/>
      <file name="List.jsx" path="/Users/heklasamuelsdottir/codeChallenge/src/components/List/List.jsx">
        <metrics statements="7" coveredstatements="7" conditionals="6" coveredconditionals="5" methods="2" coveredmethods="2"/>
        <line num="5" count="4" type="stmt"/>
        <line num="7" count="4" type="stmt"/>
        <line num="8" count="4" type="stmt"/>
        <line num="9" count="4" type="stmt"/>
        <line num="10" count="4" type="stmt"/>
        <line num="12" count="4" type="stmt"/>
        <line num="16" count="6" type="stmt"/>
      </file>
    </package>
  </project>
</coverage>
