{
  "/Users/heklasamuelsdottir/codeChallenge/src/components/Footer/Footer.jsx": {
    "path": "/Users/heklasamuelsdottir/codeChallenge/src/components/Footer/Footer.jsx",
    "statementMap": {
      "0": {
        "start": { "line": 3, "column": 19 },
        "end": { "line": 17, "column": 1 }
      },
      "1": {
        "start": { "line": 20, "column": 2 },
        "end": { "line": 42, "column": 4 }
      },
      "2": {
        "start": { "line": 28, "column": 12 },
        "end": { "line": 34, "column": 16 }
      }
    },
    "fnMap": {
      "0": {
        "name": "Footer",
        "decl": {
          "start": { "line": 19, "column": 24 },
          "end": { "line": 19, "column": 30 }
        },
        "loc": {
          "start": { "line": 19, "column": 33 },
          "end": { "line": 43, "column": 1 }
        },
        "line": 19
      },
      "1": {
        "name": "(anonymous_1)",
        "decl": {
          "start": { "line": 27, "column": 31 },
          "end": { "line": 27, "column": 32 }
        },
        "loc": {
          "start": { "line": 28, "column": 12 },
          "end": { "line": 34, "column": 16 }
        },
        "line": 28
      }
    },
    "branchMap": {},
    "s": { "0": 1, "1": 4, "2": 32 },
    "f": { "0": 4, "1": 32 },
    "b": {},
    "_coverageSchema": "1a1c01bbd47fc00a2c39e90264f33305004495a9",
    "hash": "c11d7548eaba207e0157359b45c50e5e514ba928"
  },
  "/Users/heklasamuelsdottir/codeChallenge/src/components/Header/Header.jsx": {
    "path": "/Users/heklasamuelsdottir/codeChallenge/src/components/Header/Header.jsx",
    "statementMap": {
      "0": {
        "start": { "line": 7, "column": 46 },
        "end": { "line": 7, "column": 61 }
      },
      "1": {
        "start": { "line": 9, "column": 2 },
        "end": { "line": 92, "column": 4 }
      },
      "2": {
        "start": { "line": 19, "column": 28 },
        "end": { "line": 19, "column": 54 }
      },
      "3": {
        "start": { "line": 32, "column": 27 },
        "end": { "line": 32, "column": 50 }
      },
      "4": {
        "start": { "line": 50, "column": 23 },
        "end": { "line": 50, "column": 47 }
      },
      "5": {
        "start": { "line": 59, "column": 30 },
        "end": { "line": 59, "column": 56 }
      },
      "6": {
        "start": { "line": 70, "column": 29 },
        "end": { "line": 70, "column": 53 }
      }
    },
    "fnMap": {
      "0": {
        "name": "Header",
        "decl": {
          "start": { "line": 6, "column": 24 },
          "end": { "line": 6, "column": 30 }
        },
        "loc": {
          "start": { "line": 6, "column": 33 },
          "end": { "line": 93, "column": 1 }
        },
        "line": 6
      },
      "1": {
        "name": "(anonymous_1)",
        "decl": {
          "start": { "line": 19, "column": 21 },
          "end": { "line": 19, "column": 22 }
        },
        "loc": {
          "start": { "line": 19, "column": 28 },
          "end": { "line": 19, "column": 54 }
        },
        "line": 19
      },
      "2": {
        "name": "(anonymous_2)",
        "decl": {
          "start": { "line": 32, "column": 21 },
          "end": { "line": 32, "column": 22 }
        },
        "loc": {
          "start": { "line": 32, "column": 27 },
          "end": { "line": 32, "column": 50 }
        },
        "line": 32
      },
      "3": {
        "name": "(anonymous_3)",
        "decl": {
          "start": { "line": 50, "column": 17 },
          "end": { "line": 50, "column": 18 }
        },
        "loc": {
          "start": { "line": 50, "column": 23 },
          "end": { "line": 50, "column": 47 }
        },
        "line": 50
      },
      "4": {
        "name": "(anonymous_4)",
        "decl": {
          "start": { "line": 59, "column": 23 },
          "end": { "line": 59, "column": 24 }
        },
        "loc": {
          "start": { "line": 59, "column": 30 },
          "end": { "line": 59, "column": 56 }
        },
        "line": 59
      },
      "5": {
        "name": "(anonymous_5)",
        "decl": {
          "start": { "line": 70, "column": 23 },
          "end": { "line": 70, "column": 24 }
        },
        "loc": {
          "start": { "line": 70, "column": 29 },
          "end": { "line": 70, "column": 53 }
        },
        "line": 70
      }
    },
    "branchMap": {},
    "s": { "0": 8, "1": 7, "2": 1, "3": 1, "4": 0, "5": 0, "6": 1 },
    "f": { "0": 8, "1": 1, "2": 1, "3": 0, "4": 0, "5": 1 },
    "b": {},
    "_coverageSchema": "1a1c01bbd47fc00a2c39e90264f33305004495a9",
    "hash": "c99bcf34ce23f6edf7f7ca159870bf04e5c39789"
  },
  "/Users/heklasamuelsdottir/codeChallenge/src/components/HeroSection/HeroSection.jsx": {
    "path": "/Users/heklasamuelsdottir/codeChallenge/src/components/HeroSection/HeroSection.jsx",
    "statementMap": {
      "0": {
        "start": { "line": 3, "column": 2 },
        "end": { "line": 13, "column": 4 }
      }
    },
    "fnMap": {
      "0": {
        "name": "HeroSection",
        "decl": {
          "start": { "line": 2, "column": 24 },
          "end": { "line": 2, "column": 35 }
        },
        "loc": {
          "start": { "line": 2, "column": 38 },
          "end": { "line": 14, "column": 1 }
        },
        "line": 2
      }
    },
    "branchMap": {},
    "s": { "0": 2 },
    "f": { "0": 2 },
    "b": {},
    "_coverageSchema": "1a1c01bbd47fc00a2c39e90264f33305004495a9",
    "hash": "99ca5ae8e5a22a35f3f072426b83ad03d1c45daf"
  },
  "/Users/heklasamuelsdottir/codeChallenge/src/components/List/List.jsx": {
    "path": "/Users/heklasamuelsdottir/codeChallenge/src/components/List/List.jsx",
    "statementMap": {
      "0": {
        "start": { "line": 5, "column": 40 },
        "end": { "line": 5, "column": 51 }
      },
      "1": {
        "start": { "line": 7, "column": 23 },
        "end": { "line": 7, "column": 25 }
      },
      "2": {
        "start": { "line": 8, "column": 26 },
        "end": { "line": 8, "column": 52 }
      },
      "3": {
        "start": { "line": 9, "column": 27 },
        "end": { "line": 9, "column": 57 }
      },
      "4": {
        "start": { "line": 10, "column": 23 },
        "end": { "line": 10, "column": 69 }
      },
      "5": {
        "start": { "line": 12, "column": 2 },
        "end": { "line": 96, "column": 4 }
      },
      "6": {
        "start": { "line": 16, "column": 10 },
        "end": { "line": 92, "column": 15 }
      }
    },
    "fnMap": {
      "0": {
        "name": "List",
        "decl": {
          "start": { "line": 4, "column": 24 },
          "end": { "line": 4, "column": 28 }
        },
        "loc": {
          "start": { "line": 4, "column": 40 },
          "end": { "line": 97, "column": 1 }
        },
        "line": 4
      },
      "1": {
        "name": "(anonymous_1)",
        "decl": {
          "start": { "line": 15, "column": 26 },
          "end": { "line": 15, "column": 27 }
        },
        "loc": {
          "start": { "line": 16, "column": 10 },
          "end": { "line": 92, "column": 15 }
        },
        "line": 16
      }
    },
    "branchMap": {
      "0": {
        "loc": {
          "start": { "line": 63, "column": 18 },
          "end": { "line": 67, "column": 48 }
        },
        "type": "cond-expr",
        "locations": [
          {
            "start": { "line": 64, "column": 22 },
            "end": { "line": 64, "column": 53 }
          },
          {
            "start": { "line": 65, "column": 22 },
            "end": { "line": 67, "column": 48 }
          }
        ],
        "line": 63
      },
      "1": {
        "loc": {
          "start": { "line": 65, "column": 22 },
          "end": { "line": 67, "column": 48 }
        },
        "type": "cond-expr",
        "locations": [
          {
            "start": { "line": 66, "column": 22 },
            "end": { "line": 66, "column": 51 }
          },
          {
            "start": { "line": 67, "column": 22 },
            "end": { "line": 67, "column": 48 }
          }
        ],
        "line": 65
      },
      "2": {
        "loc": {
          "start": { "line": 76, "column": 19 },
          "end": { "line": 86, "column": 19 }
        },
        "type": "cond-expr",
        "locations": [
          {
            "start": { "line": 77, "column": 20 },
            "end": { "line": 80, "column": 22 }
          },
          {
            "start": { "line": 82, "column": 20 },
            "end": { "line": 85, "column": 22 }
          }
        ],
        "line": 76
      }
    },
    "s": { "0": 4, "1": 4, "2": 4, "3": 4, "4": 4, "5": 4, "6": 6 },
    "f": { "0": 4, "1": 6 },
    "b": { "0": [3, 3], "1": [3, 0], "2": [3, 3] },
    "_coverageSchema": "1a1c01bbd47fc00a2c39e90264f33305004495a9",
    "hash": "6de59c5dfb342f3b4d94e5a14161440650ef36ed"
  },
  "/Users/heklasamuelsdottir/codeChallenge/src/components/Segment/Segment.jsx": {
    "path": "/Users/heklasamuelsdottir/codeChallenge/src/components/Segment/Segment.jsx",
    "statementMap": {
      "0": {
        "start": { "line": 4, "column": 2 },
        "end": { "line": 31, "column": 4 }
      },
      "1": {
        "start": { "line": 9, "column": 25 },
        "end": { "line": 9, "column": 48 }
      },
      "2": {
        "start": { "line": 20, "column": 25 },
        "end": { "line": 20, "column": 48 }
      }
    },
    "fnMap": {
      "0": {
        "name": "Segment",
        "decl": {
          "start": { "line": 3, "column": 9 },
          "end": { "line": 3, "column": 16 }
        },
        "loc": {
          "start": { "line": 3, "column": 55 },
          "end": { "line": 32, "column": 1 }
        },
        "line": 3
      },
      "1": {
        "name": "(anonymous_1)",
        "decl": {
          "start": { "line": 9, "column": 19 },
          "end": { "line": 9, "column": 20 }
        },
        "loc": {
          "start": { "line": 9, "column": 25 },
          "end": { "line": 9, "column": 48 }
        },
        "line": 9
      },
      "2": {
        "name": "(anonymous_2)",
        "decl": {
          "start": { "line": 20, "column": 19 },
          "end": { "line": 20, "column": 20 }
        },
        "loc": {
          "start": { "line": 20, "column": 25 },
          "end": { "line": 20, "column": 48 }
        },
        "line": 20
      }
    },
    "branchMap": {
      "0": {
        "loc": {
          "start": { "line": 11, "column": 12 },
          "end": { "line": 13, "column": 43 }
        },
        "type": "cond-expr",
        "locations": [
          {
            "start": { "line": 12, "column": 16 },
            "end": { "line": 12, "column": 40 }
          },
          {
            "start": { "line": 13, "column": 16 },
            "end": { "line": 13, "column": 43 }
          }
        ],
        "line": 11
      },
      "1": {
        "loc": {
          "start": { "line": 22, "column": 12 },
          "end": { "line": 24, "column": 43 }
        },
        "type": "cond-expr",
        "locations": [
          {
            "start": { "line": 23, "column": 16 },
            "end": { "line": 23, "column": 40 }
          },
          {
            "start": { "line": 24, "column": 16 },
            "end": { "line": 24, "column": 43 }
          }
        ],
        "line": 22
      }
    },
    "s": { "0": 5, "1": 1, "2": 1 },
    "f": { "0": 5, "1": 1, "2": 1 },
    "b": { "0": [4, 1], "1": [1, 4] },
    "_coverageSchema": "1a1c01bbd47fc00a2c39e90264f33305004495a9",
    "hash": "5afab6b265a76f2c33c752e20ca87c259ed08804"
  }
}
