TN:
SF:src/components/Header/Header.jsx
FN:6,Header
FN:19,(anonymous_1)
FN:32,(anonymous_2)
FN:50,(anonymous_3)
FN:59,(anonymous_4)
FN:70,(anonymous_5)
FNF:6
FNH:4
FNDA:8,Header
FNDA:1,(anonymous_1)
FNDA:1,(anonymous_2)
FNDA:0,(anonymous_3)
FNDA:0,(anonymous_4)
FNDA:1,(anonymous_5)
DA:7,8
DA:9,7
DA:19,1
DA:32,1
DA:50,0
DA:59,0
DA:70,1
LF:7
LH:5
BRF:0
BRH:0
end_of_record
TN:
SF:src/components/HeroSection/HeroSection.jsx
FN:2,HeroSection
FNF:1
FNH:1
FNDA:2,HeroSection
DA:3,2
LF:1
LH:1
BRF:0
BRH:0
end_of_record
TN:
SF:src/components/List/List.jsx
FN:4,List
FN:15,(anonymous_1)
FNF:2
FNH:2
FNDA:4,List
FNDA:6,(anonymous_1)
DA:5,4
DA:7,4
DA:8,4
DA:9,4
DA:10,4
DA:12,4
DA:16,6
LF:7
LH:7
BRDA:63,0,0,3
BRDA:63,0,1,3
BRDA:65,1,0,3
BRDA:65,1,1,0
BRDA:76,2,0,3
BRDA:76,2,1,3
BRF:6
BRH:5
end_of_record
